#
# A fatal error has been detected by the Java Runtime Environment:
#
#  SIGSEGV (0xb) at pc=0x00007ff2719ab530, pid=12523, tid=140678806570752
#
# JRE version: Java(TM) SE Runtime Environment (8.0_40-b25) (build 1.8.0_40-b25)
# Java VM: Java HotSpot(TM) 64-Bit Server VM (25.40-b25 mixed mode linux-amd64 compressed oops)
# Problematic frame:
# V  [libjvm.so+0x899530]  Method::checked_resolve_jmethod_id(_jmethodID*)+0x20
#
# Failed to write core dump. Core dumps have been disabled. To enable core dumping, try "ulimit -c unlimited" before starting Java again
#
# If you would like to submit a bug report, please visit:
#   http://bugreport.java.com/bugreport/crash.jsp
#

---------------  T H R E A D  ---------------

Current thread (0x00007ff26c0c8000):  JavaThread "JDWP Transport Listener: dt_socket" daemon [_thread_in_vm, id=12541, stack(0x00007ff2563b0000,0x00007ff2564b1000)]

siginfo: si_signo: 11 (SIGSEGV), si_code: 128 (SI_KERNEL), si_addr: 0x0000000000000000

Registers:
RAX=0x0000000000000001, RBX=0x00007ff26c005ac0, RCX=0x00007ff272ad2320, RDX=0x00007ff2720afc00
RSP=0x00007ff2564af890, RBP=0x00007ff2564af8a0, RSI=0x00007ff26c0c8000, RDI=0x6d656c4564657400
R8 =0x0000000000000000, R9 =0x00007ff2340046a0, R10=0x0000000000000050, R11=0x00007ff272261a30
R12=0x0000000000000017, R13=0x6d656c4564657400, R14=0x00007ff26c0c8000, R15=0x00007ff2564af9a7
RIP=0x00007ff2719ab530, EFLAGS=0x0000000000010206, CSGSFS=0x0000000000000033, ERR=0x0000000000000000
  TRAPNO=0x000000000000000d

Top of Stack: (sp=0x00007ff2564af890)
0x00007ff2564af890:   0000000000000074 00007ff26c005ac0
0x00007ff2564af8a0:   00007ff2564af910 00007ff27183cfce
0x00007ff2564af8b0:   0000000000000073 00007ff2564af8c0
0x00007ff2564af8c0:   00007ff26c0c8000 0000000000000000
0x00007ff2564af8d0:   00007ff200000000 0000000000000000
0x00007ff2564af8e0:   00007ff2564af900 00007ff2707c8e40
0x00007ff2564af8f0:   6d656c4564657400 00007ff2564af9a7
0x00007ff2564af900:   0000000000000003 00007ff2564af9a7
0x00007ff2564af910:   00007ff2564af940 00007ff2705b48c2
0x00007ff2564af920:   00007ff2564af940 6d656c4564657400
0x00007ff2564af930:   00007ff2564afa10 0000000000000018
0x00007ff2564af940:   00007ff2564af9d0 00007ff270595aa0
0x00007ff2564af950:   00007ff2564af988 00007ff2564af980
0x00007ff2564af960:   00007ff2564af978 00007ff2564af99c
0x00007ff2564af970:   0000000134002fc0 0000000000000000
0x00007ff2564af980:   0000000000000000 0000000000000000
0x00007ff2564af990:   00007ff23400a1c0 00000002564afa10
0x00007ff2564af9a0:   0000000000000004 0000000000000002
0x00007ff2564af9b0:   000000000000000f 0000000000000002
0x00007ff2564af9c0:   00000000000f0200 000000000000000f
0x00007ff2564af9d0:   00007ff2564afc20 00007ff2705a09c6
0x00007ff2564af9e0:   0000127800000013 00007ff2710f0200
0x00007ff2564af9f0:   00007ff22c000fb0 0000000000000000
0x00007ff2564afa00:   00007ff2564afa10 00007ff2564afba0
0x00007ff2564afa10:   00007ff2564afb31 00007ff20000005b
0x00007ff2564afa20:   00007ff2564afa28 00000000000000d1
0x00007ff2564afa30:   00007ff2564afa60 0000000000000000
0x00007ff2564afa40:   00007f0000000000 00001278000004b3
0x00007ff2564afa50:   00007ff20000fb80 0000000000000000
0x00007ff2564afa60:   f27f000004000000 06000000a87b0034
0x00007ff2564afa70:   00003e74696e693c 0000005629280300
0x00007ff2564afa80:   7f00000100000000 00000080640034f2 

Instructions: (pc=0x00007ff2719ab530)
0x00007ff2719ab510:   55 48 89 e5 53 48 83 ec 08 48 85 ff 75 12 31 db
0x00007ff2719ab520:   48 89 d8 48 83 c4 08 5b c9 c3 66 0f 1f 44 00 00
0x00007ff2719ab530:   48 8b 1f 48 85 db 74 e6 48 83 fb 37 74 e0 48 8b
0x00007ff2719ab540:   03 48 89 df ff 50 10 84 c0 0f 1f 80 00 00 00 00 

Register to memory mapping:

RAX=0x0000000000000001 is an unknown value
RBX=0x00007ff26c005ac0 is an unknown value
RCX=0x00007ff272ad2320: <offset 0x219320> in /lib/x86_64-linux-gnu/libpthread.so.0 at 0x00007ff2728b9000
RDX=0x00007ff2720afc00: <offset 0xf9dc00> in /usr/lib/jvm/java-8-oracle/jre/lib/amd64/server/libjvm.so at 0x00007ff271112000
RSP=0x00007ff2564af890 is pointing into the stack for thread: 0x00007ff26c0c8000
RBP=0x00007ff2564af8a0 is pointing into the stack for thread: 0x00007ff26c0c8000
RSI=0x00007ff26c0c8000 is a thread
RDI=0x6d656c4564657400 is an unknown value
R8 =0x0000000000000000 is an unknown value
R9 =0x00007ff2340046a0 is an unknown value
R10=0x0000000000000050 is an unknown value
R11=0x00007ff272261a30: <offset 0x187a30> in /lib/x86_64-linux-gnu/libc.so.6 at 0x00007ff2720da000
R12=0x0000000000000017 is an unknown value
R13=0x6d656c4564657400 is an unknown value
R14=0x00007ff26c0c8000 is a thread
R15=0x00007ff2564af9a7 is pointing into the stack for thread: 0x00007ff26c0c8000


Stack: [0x00007ff2563b0000,0x00007ff2564b1000],  sp=0x00007ff2564af890,  free space=1022k
Native frames: (J=compiled Java code, j=interpreted, Vv=VM code, C=native code)
V  [libjvm.so+0x899530]  Method::checked_resolve_jmethod_id(_jmethodID*)+0x20
V  [libjvm.so+0x72afce]  jvmti_IsMethodSynthetic+0x2be
C  [libjdwp.so+0x258c2]  isMethodSynthetic+0x42
C  [libjdwp.so+0x6aa0]  methods1+0x1b0
C  [libjdwp.so+0x119c6]  debugLoop_run+0x2b6
C  [libjdwp.so+0x247ff]  attachThread+0x2f
V  [libjvm.so+0x797132]  JvmtiAgentThread::call_start_function()+0xc2
V  [libjvm.so+0xa5c96f]  JavaThread::thread_main_inner()+0xdf
V  [libjvm.so+0xa5ca9c]  JavaThread::run()+0x11c
V  [libjvm.so+0x910ee8]  java_start(Thread*)+0x108
C  [libpthread.so.0+0x8182]  start_thread+0xc2


---------------  P R O C E S S  ---------------

Java Threads: ( => current thread )
  0x00007ff26c239800 JavaThread "ReaderThread" [_thread_in_native, id=12553, stack(0x00007ff2558c3000,0x00007ff2559c4000)]
  0x00007ff26c0e0000 JavaThread "Service Thread" daemon [_thread_blocked, id=12551, stack(0x00007ff255daa000,0x00007ff255eab000)]
  0x00007ff26c0d2800 JavaThread "C1 CompilerThread2" daemon [_thread_blocked, id=12550, stack(0x00007ff255eab000,0x00007ff255fac000)]
  0x00007ff26c0d0800 JavaThread "C2 CompilerThread1" daemon [_thread_blocked, id=12549, stack(0x00007ff255fac000,0x00007ff2560ad000)]
  0x00007ff26c0cd800 JavaThread "C2 CompilerThread0" daemon [_thread_blocked, id=12548, stack(0x00007ff2560ad000,0x00007ff2561ae000)]
  0x00007ff234001000 JavaThread "JDWP Command Reader" daemon [_thread_in_native, id=12544, stack(0x00007ff2561ae000,0x00007ff2562af000)]
  0x00007ff26c0cb800 JavaThread "JDWP Event Helper Thread" daemon [_thread_blocked, id=12542, stack(0x00007ff2562af000,0x00007ff2563b0000)]
=>0x00007ff26c0c8000 JavaThread "JDWP Transport Listener: dt_socket" daemon [_thread_in_vm, id=12541, stack(0x00007ff2563b0000,0x00007ff2564b1000)]
  0x00007ff26c0ba800 JavaThread "Signal Dispatcher" daemon [_thread_blocked, id=12539, stack(0x00007ff2566b5000,0x00007ff2567b6000)]
  0x00007ff26c083800 JavaThread "Finalizer" daemon [_thread_blocked, id=12537, stack(0x00007ff2567b6000,0x00007ff2568b7000)]
  0x00007ff26c081800 JavaThread "Reference Handler" daemon [_thread_blocked, id=12536, stack(0x00007ff2568b7000,0x00007ff2569b8000)]
  0x00007ff26c00e800 JavaThread "main" [_thread_blocked, id=12525, stack(0x00007ff272bd9000,0x00007ff272cda000)]

Other Threads:
  0x00007ff26c07c800 VMThread [stack: 0x00007ff2569b8000,0x00007ff256ab9000] [id=12535]
  0x00007ff26c0e2800 WatcherThread [stack: 0x00007ff255ca9000,0x00007ff255daa000] [id=12552]

VM state:not at safepoint (normal execution)

VM Mutex/Monitor currently owned by a thread: None

Heap:
 PSYoungGen      total 27648K, used 19196K [0x00000000e1600000, 0x00000000e4c00000, 0x0000000100000000)
  eden space 24064K, 64% used [0x00000000e1600000,0x00000000e2541750,0x00000000e2d80000)
  from space 3584K, 99% used [0x00000000e2d80000,0x00000000e30fdb10,0x00000000e3100000)
  to   space 3584K, 0% used [0x00000000e4880000,0x00000000e4880000,0x00000000e4c00000)
 ParOldGen       total 62976K, used 4276K [0x00000000a4200000, 0x00000000a7f80000, 0x00000000e1600000)
  object space 62976K, 6% used [0x00000000a4200000,0x00000000a462d2d0,0x00000000a7f80000)
 Metaspace       used 12905K, capacity 13082K, committed 13440K, reserved 1060864K
  class space    used 1496K, capacity 1573K, committed 1664K, reserved 1048576K

Card table byte_map: [0x00007ff25ba2f000,0x00007ff25bd0f000] byte_map_base: 0x00007ff25b50e000

Marking Bits: (ParMarkBitMap*) 0x00007ff2720af6c0
 Begin Bits: [0x00007ff258752000, 0x00007ff259e4a000)
 End Bits:   [0x00007ff259e4a000, 0x00007ff25b542000)

Polling page: 0x00007ff272cf6000

CodeCache: size=245760Kb used=3729Kb max_used=3729Kb free=242030Kb
 bounds [0x00007ff25c0cf000, 0x00007ff25c47f000, 0x00007ff26b0cf000]
 total_blobs=1376 nmethods=1021 adapters=277
 compilation: enabled

Compilation events (10 events):
Event: 1,005 Thread 0x00007ff26c0d2800 1019       3       java.util.LinkedHashMap$LinkedValueIterator::next (8 bytes)
Event: 1,005 Thread 0x00007ff26c0d2800 nmethod 1019 0x00007ff25c472610 code [0x00007ff25c472780, 0x00007ff25c4729a8]
Event: 1,005 Thread 0x00007ff26c0d2800 1016       3       com.fasterxml.jackson.databind.AnnotationIntrospector::_findAnnotation (6 bytes)
Event: 1,005 Thread 0x00007ff26c0d2800 nmethod 1016 0x00007ff25c472a50 code [0x00007ff25c472bc0, 0x00007ff25c472de8]
Event: 1,005 Thread 0x00007ff26c0d2800 1018       1       com.fasterxml.jackson.databind.introspect.AnnotatedMethod::getAnnotated (5 bytes)
Event: 1,006 Thread 0x00007ff26c0d2800 nmethod 1018 0x00007ff25c472ed0 code [0x00007ff25c473020, 0x00007ff25c473130]
Event: 1,011 Thread 0x00007ff26c0d2800 1020       3       java.util.concurrent.ConcurrentHashMap::addCount (292 bytes)
Event: 1,012 Thread 0x00007ff26c0d2800 nmethod 1020 0x00007ff25c4733d0 code [0x00007ff25c4735e0, 0x00007ff25c474188]
Event: 1,013 Thread 0x00007ff26c0d2800 1021       1       com.fasterxml.jackson.core.JsonToken::id (5 bytes)
Event: 1,013 Thread 0x00007ff26c0d2800 nmethod 1021 0x00007ff25c474590 code [0x00007ff25c4746e0, 0x00007ff25c4747f0]

GC Heap History (2 events):
Event: 0,629 GC heap before
{Heap before GC invocations=1 (full 0):
 PSYoungGen      total 27648K, used 24064K [0x00000000e1600000, 0x00000000e3480000, 0x0000000100000000)
  eden space 24064K, 100% used [0x00000000e1600000,0x00000000e2d80000,0x00000000e2d80000)
  from space 3584K, 0% used [0x00000000e3100000,0x00000000e3100000,0x00000000e3480000)
  to   space 3584K, 0% used [0x00000000e2d80000,0x00000000e2d80000,0x00000000e3100000)
 ParOldGen       total 62976K, used 0K [0x00000000a4200000, 0x00000000a7f80000, 0x00000000e1600000)
  object space 62976K, 0% used [0x00000000a4200000,0x00000000a4200000,0x00000000a7f80000)
 Metaspace       used 8991K, capacity 9120K, committed 9344K, reserved 1056768K
  class space    used 1020K, capacity 1044K, committed 1152K, reserved 1048576K
Event: 0,638 GC heap after
Heap after GC invocations=1 (full 0):
 PSYoungGen      total 27648K, used 3574K [0x00000000e1600000, 0x00000000e4c00000, 0x0000000100000000)
  eden space 24064K, 0% used [0x00000000e1600000,0x00000000e1600000,0x00000000e2d80000)
  from space 3584K, 99% used [0x00000000e2d80000,0x00000000e30fdb10,0x00000000e3100000)
  to   space 3584K, 0% used [0x00000000e4880000,0x00000000e4880000,0x00000000e4c00000)
 ParOldGen       total 62976K, used 4276K [0x00000000a4200000, 0x00000000a7f80000, 0x00000000e1600000)
  object space 62976K, 6% used [0x00000000a4200000,0x00000000a462d2d0,0x00000000a7f80000)
 Metaspace       used 8991K, capacity 9120K, committed 9344K, reserved 1056768K
  class space    used 1020K, capacity 1044K, committed 1152K, reserved 1048576K
}

Deoptimization events (7 events):
Event: 0,264 Thread 0x00007ff26c00e800 Uncommon trap: reason=unstable_if action=reinterpret pc=0x00007ff25c25385c method=java.lang.String.indexOf([CII[CIII)I @ 123
Event: 0,365 Thread 0x00007ff26c00e800 Uncommon trap: reason=unstable_if action=reinterpret pc=0x00007ff25c286160 method=java.lang.String.indexOf([CII[CIII)I @ 3
Event: 0,788 Thread 0x00007ff26c00e800 Uncommon trap: reason=range_check action=make_not_entrant pc=0x00007ff25c3c0df0 method=sun.reflect.generics.parser.SignatureParser.current()C @ 34
Event: 0,827 Thread 0x00007ff26c00e800 Uncommon trap: reason=unstable_if action=reinterpret pc=0x00007ff25c3723e8 method=java.util.TreeMap.put(Ljava/lang/Object;Ljava/lang/Object;)Ljava/lang/Object; @ 55
Event: 0,866 Thread 0x00007ff26c00e800 Uncommon trap: reason=unstable_if action=reinterpret pc=0x00007ff25c22ff78 method=java.lang.String.startsWith(Ljava/lang/String;I)Z @ 25
Event: 0,993 Thread 0x00007ff26c00e800 Uncommon trap: reason=range_check action=none pc=0x00007ff25c3c6424 method=sun.reflect.generics.parser.SignatureParser.current()C @ 34
Event: 1,001 Thread 0x00007ff26c00e800 Uncommon trap: reason=range_check action=none pc=0x00007ff25c3c6424 method=sun.reflect.generics.parser.SignatureParser.current()C @ 34

Internal exceptions (10 events):
Event: 0,266 Thread 0x00007ff26c00e800 Exception <a 'java/security/PrivilegedActionException'> (0x00000000e1b57d40) thrown at [/HUDSON/workspace/8-2-build-linux-amd64/jdk8u40/2855/hotspot/src/share/vm/prims/jvm.cpp, line 1382]
Event: 0,353 Thread 0x00007ff26c00e800 Exception <a 'java/lang/NoClassDefFoundError': org/apache/log4j/Category> (0x00000000e1d98678) thrown at [/HUDSON/workspace/8-2-build-linux-amd64/jdk8u40/2855/hotspot/src/share/vm/classfile/systemDictionary.cpp, line 199]
Event: 0,733 Thread 0x00007ff26c00e800 Exception <a 'java/lang/NoSuchFieldError': method resolution failed> (0x00000000e1a42d10) thrown at [/HUDSON/workspace/8-2-build-linux-amd64/jdk8u40/2855/hotspot/src/share/vm/prims/methodHandles.cpp, line 1125]
Event: 0,736 Thread 0x00007ff26c00e800 Exception <a 'java/lang/NoSuchFieldError': method resolution failed> (0x00000000e1a51640) thrown at [/HUDSON/workspace/8-2-build-linux-amd64/jdk8u40/2855/hotspot/src/share/vm/prims/methodHandles.cpp, line 1125]
Event: 0,788 Thread 0x00007ff26c00e800 Exception <a 'java/lang/ArrayIndexOutOfBoundsException': 335> (0x00000000e1c456e0) thrown at [/HUDSON/workspace/8-2-build-linux-amd64/jdk8u40/2855/hotspot/src/share/vm/interpreter/interpreterRuntime.cpp, line 366]
Event: 0,789 Thread 0x00007ff26c00e800 Exception <a 'java/lang/ArrayIndexOutOfBoundsException': 18> (0x00000000e1c467d0) thrown at [/HUDSON/workspace/8-2-build-linux-amd64/jdk8u40/2855/hotspot/src/share/vm/interpreter/interpreterRuntime.cpp, line 366]
Event: 0,789 Thread 0x00007ff26c00e800 Exception <a 'java/lang/ArrayIndexOutOfBoundsException': 60> (0x00000000e1c47868) thrown at [/HUDSON/workspace/8-2-build-linux-amd64/jdk8u40/2855/hotspot/src/share/vm/interpreter/interpreterRuntime.cpp, line 366]
Event: 0,827 Thread 0x00007ff26c00e800 Implicit null exception at 0x00007ff25c37141f to 0x00007ff25c3723c9
Event: 0,993 Thread 0x00007ff26c00e800 Exception <a 'java/lang/ArrayIndexOutOfBoundsException': 335> (0x00000000e23f1e10) thrown at [/HUDSON/workspace/8-2-build-linux-amd64/jdk8u40/2855/hotspot/src/share/vm/interpreter/interpreterRuntime.cpp, line 366]
Event: 1,001 Thread 0x00007ff26c00e800 Exception <a 'java/lang/ArrayIndexOutOfBoundsException': 335> (0x00000000e2470d78) thrown at [/HUDSON/workspace/8-2-build-linux-amd64/jdk8u40/2855/hotspot/src/share/vm/interpreter/interpreterRuntime.cpp, line 366]

Events (10 events):
Event: 418,935 Executing VM operation: RedefineClasses
Event: 418,941 Executing VM operation: RedefineClasses done
Event: 444,469 Executing VM operation: RedefineClasses
Event: 444,475 Executing VM operation: RedefineClasses done
Event: 476,845 Executing VM operation: RedefineClasses
Event: 476,851 Executing VM operation: RedefineClasses done
Event: 477,924 Executing VM operation: RedefineClasses
Event: 477,928 Executing VM operation: RedefineClasses done
Event: 479,112 Executing VM operation: RedefineClasses
Event: 479,123 Executing VM operation: RedefineClasses done


Dynamic libraries:
00400000-00401000 r-xp 00000000 08:01 9178222                            /usr/lib/jvm/java-8-oracle/bin/java
00600000-00601000 rw-p 00000000 08:01 9178222                            /usr/lib/jvm/java-8-oracle/bin/java
01120000-01141000 rw-p 00000000 00:00 0                                  [heap]
a4200000-a7f80000 rw-p 00000000 00:00 0 
a7f80000-e1600000 ---p 00000000 00:00 0 
e1600000-e4c00000 rw-p 00000000 00:00 0 
e4c00000-100000000 ---p 00000000 00:00 0 
100000000-1001a0000 rw-p 00000000 00:00 0 
1001a0000-140000000 ---p 00000000 00:00 0 
7ff210000000-7ff210021000 rw-p 00000000 00:00 0 
7ff210021000-7ff214000000 ---p 00000000 00:00 0 
7ff214000000-7ff214021000 rw-p 00000000 00:00 0 
7ff214021000-7ff218000000 ---p 00000000 00:00 0 
7ff218000000-7ff21827d000 rw-p 00000000 00:00 0 
7ff21827d000-7ff21c000000 ---p 00000000 00:00 0 
7ff21c000000-7ff21c021000 rw-p 00000000 00:00 0 
7ff21c021000-7ff220000000 ---p 00000000 00:00 0 
7ff220000000-7ff2203e4000 rw-p 00000000 00:00 0 
7ff2203e4000-7ff224000000 ---p 00000000 00:00 0 
7ff224000000-7ff224397000 rw-p 00000000 00:00 0 
7ff224397000-7ff228000000 ---p 00000000 00:00 0 
7ff228000000-7ff228021000 rw-p 00000000 00:00 0 
7ff228021000-7ff22c000000 ---p 00000000 00:00 0 
7ff22c000000-7ff22c021000 rw-p 00000000 00:00 0 
7ff22c021000-7ff230000000 ---p 00000000 00:00 0 
7ff230000000-7ff230021000 rw-p 00000000 00:00 0 
7ff230021000-7ff234000000 ---p 00000000 00:00 0 
7ff234000000-7ff2342ad000 rw-p 00000000 00:00 0 
7ff2342ad000-7ff238000000 ---p 00000000 00:00 0 
7ff238000000-7ff238021000 rw-p 00000000 00:00 0 
7ff238021000-7ff23c000000 ---p 00000000 00:00 0 
7ff23c000000-7ff23c021000 rw-p 00000000 00:00 0 
7ff23c021000-7ff240000000 ---p 00000000 00:00 0 
7ff240000000-7ff240021000 rw-p 00000000 00:00 0 
7ff240021000-7ff244000000 ---p 00000000 00:00 0 
7ff244000000-7ff244021000 rw-p 00000000 00:00 0 
7ff244021000-7ff248000000 ---p 00000000 00:00 0 
7ff248000000-7ff248021000 rw-p 00000000 00:00 0 
7ff248021000-7ff24c000000 ---p 00000000 00:00 0 
7ff24c000000-7ff24c021000 rw-p 00000000 00:00 0 
7ff24c021000-7ff250000000 ---p 00000000 00:00 0 
7ff250000000-7ff250021000 rw-p 00000000 00:00 0 
7ff250021000-7ff254000000 ---p 00000000 00:00 0 
7ff255016000-7ff25502c000 r-xp 00000000 08:01 29888335                   /lib/x86_64-linux-gnu/libgcc_s.so.1
7ff25502c000-7ff25522b000 ---p 00016000 08:01 29888335                   /lib/x86_64-linux-gnu/libgcc_s.so.1
7ff25522b000-7ff25522c000 rw-p 00015000 08:01 29888335                   /lib/x86_64-linux-gnu/libgcc_s.so.1
7ff25523d000-7ff255240000 rw-p 00000000 00:00 0 
7ff255240000-7ff255245000 r--s 0003f000 08:01 9177951                    /usr/lib/jvm/java-8-oracle/jre/lib/ext/sunjce_provider.jar
7ff255245000-7ff255277000 r-xp 00000000 08:01 9178056                    /usr/lib/jvm/java-8-oracle/jre/lib/amd64/libsunec.so
7ff255277000-7ff255476000 ---p 00032000 08:01 9178056                    /usr/lib/jvm/java-8-oracle/jre/lib/amd64/libsunec.so
7ff255476000-7ff25547c000 rw-p 00031000 08:01 9178056                    /usr/lib/jvm/java-8-oracle/jre/lib/amd64/libsunec.so
7ff25547c000-7ff25560c000 rw-p 00000000 00:00 0 
7ff25560c000-7ff25568c000 ---p 00000000 00:00 0 
7ff25568c000-7ff25568f000 r--s 0003a000 08:01 9177949                    /usr/lib/jvm/java-8-oracle/jre/lib/ext/sunpkcs11.jar
7ff25568f000-7ff255694000 r--s 00094000 08:01 9177926                    /usr/lib/jvm/java-8-oracle/jre/lib/jsse.jar
7ff255694000-7ff255697000 r--s 0001a000 08:01 9177938                    /usr/lib/jvm/java-8-oracle/jre/lib/jce.jar
7ff255697000-7ff255897000 rw-p 00000000 00:00 0 
7ff255897000-7ff25589c000 r--s 002f8000 08:01 9177817                    /usr/lib/jvm/java-8-oracle/jre/lib/charsets.jar
7ff25589c000-7ff2558a7000 r--s 00116000 08:01 9177955                    /usr/lib/jvm/java-8-oracle/jre/lib/ext/localedata.jar
7ff2558a7000-7ff2558c3000 r--s 00393000 08:01 9177953                    /usr/lib/jvm/java-8-oracle/jre/lib/ext/cldrdata.jar
7ff2558c3000-7ff2558c6000 ---p 00000000 00:00 0 
7ff2558c6000-7ff2559f5000 rw-p 00000000 00:00 0                          [stack:12553]
7ff2559f5000-7ff255a0b000 r-xp 00000000 08:01 9178073                    /usr/lib/jvm/java-8-oracle/jre/lib/amd64/libnet.so
7ff255a0b000-7ff255c0b000 ---p 00016000 08:01 9178073                    /usr/lib/jvm/java-8-oracle/jre/lib/amd64/libnet.so
7ff255c0b000-7ff255c0c000 rw-p 00016000 08:01 9178073                    /usr/lib/jvm/java-8-oracle/jre/lib/amd64/libnet.so
7ff255c0c000-7ff255c10000 r--s 0002e000 08:01 393625                     /home/hudson/.gradle/caches/modules-2/files-2.1/org.springframework/spring-expression/4.0.3.RELEASE/40b25b3a693cb4cc382ddf2e69ff1b29c75a2e7d/spring-expression-4.0.3.RELEASE.jar
7ff255c10000-7ff255c12000 r--s 0000e000 08:01 393315                     /home/hudson/.gradle/caches/modules-2/files-2.1/commons-logging/commons-logging/1.1.3/f6f66e966c70a83ffbdb6f17a0919eaf7c8aca7f/commons-logging-1.1.3.jar
7ff255c12000-7ff255c26000 r--s 000da000 08:01 393609                     /home/hudson/.gradle/caches/modules-2/files-2.1/org.springframework/spring-core/4.0.3.RELEASE/138d28200d97f4affe9ccaa47fab54718b438319/spring-core-4.0.3.RELEASE.jar
7ff255c26000-7ff255c31000 r--s 0004d000 08:01 393631                     /home/hudson/.gradle/caches/modules-2/files-2.1/org.springframework.security/spring-security-core/3.2.3.RELEASE/76dffb9b355448255291533a8499ec801349b570/spring-security-core-3.2.3.RELEASE.jar
7ff255c31000-7ff255c33000 r--s 00000000 08:01 393314                     /home/hudson/.gradle/caches/modules-2/files-2.1/aopalliance/aopalliance/1.0/235ba8b489512805ac13a8f9ea77a1ca5ebe3e8/aopalliance-1.0.jar
7ff255c33000-7ff255c4a000 r--s 000d8000 08:01 393626                     /home/hudson/.gradle/caches/modules-2/files-2.1/org.springframework/spring-context/4.0.3.RELEASE/782a71a312dc307fa531023aa66247b9b4a109d/spring-context-4.0.3.RELEASE.jar
7ff255c4a000-7ff255c56000 r--s 00098000 08:01 393623                     /home/hudson/.gradle/caches/modules-2/files-2.1/org.springframework/spring-beans/4.0.3.RELEASE/41eabd53fd4ba5ba2b2d8af6c256a3741f65c2f3/spring-beans-4.0.3.RELEASE.jar
7ff255c56000-7ff255c5f000 r--s 0004e000 08:01 393624                     /home/hudson/.gradle/caches/modules-2/files-2.1/org.springframework/spring-aop/4.0.3.RELEASE/dcedf5329d7092d66cc9d2496687a5f29d883eb6/spring-aop-4.0.3.RELEASE.jar
7ff255c5f000-7ff255c65000 r--s 00036000 08:01 393256                     /home/hudson/.gradle/caches/modules-2/files-2.1/junit/junit/4.11/4e031bb61df09069aeb2bffb4019e7a5034a4ee0/junit-4.11.jar
7ff255c65000-7ff255c71000 r--s 00096000 08:01 393627                     /home/hudson/.gradle/caches/modules-2/files-2.1/org.springframework/spring-webmvc/4.0.3.RELEASE/d6fd9778619ab87a41ae3aa879a53ee60f160c08/spring-webmvc-4.0.3.RELEASE.jar
7ff255c71000-7ff255c7b000 r--s 0004a000 08:01 393632                     /home/hudson/.gradle/caches/modules-2/files-2.1/org.springframework.security/spring-security-web/3.2.3.RELEASE/715b0357d6585d5730cad91a263b8848ae19caa6/spring-security-web-3.2.3.RELEASE.jar
7ff255c7b000-7ff255c8a000 r--s 00095000 08:01 393628                     /home/hudson/.gradle/caches/modules-2/files-2.1/org.springframework/spring-web/4.0.3.RELEASE/4d5066f31ea4b9c58957bf8c0c213b13ed44c1c5/spring-web-4.0.3.RELEASE.jar
7ff255c8a000-7ff255ca9000 r--s 00150000 08:01 393576                     /home/hudson/.gradle/caches/modules-2/files-2.1/org.mockito/mockito-core/1.9.5/c3264abeea62c4d2f367e21484fbb40c7e256393/mockito-core-1.9.5.jar
7ff255ca9000-7ff255caa000 ---p 00000000 00:00 0 
7ff255caa000-7ff255daa000 rw-p 00000000 00:00 0                          [stack:12552]
7ff255daa000-7ff255dad000 ---p 00000000 00:00 0 
7ff255dad000-7ff255eab000 rw-p 00000000 00:00 0                          [stack:12551]
7ff255eab000-7ff255eae000 ---p 00000000 00:00 0 
7ff255eae000-7ff255fac000 rw-p 00000000 00:00 0                          [stack:12550]
7ff255fac000-7ff255faf000 ---p 00000000 00:00 0 
7ff255faf000-7ff2560ad000 rw-p 00000000 00:00 0                          [stack:12549]
7ff2560ad000-7ff2560b0000 ---p 00000000 00:00 0 
7ff2560b0000-7ff2561ae000 rw-p 00000000 00:00 0                          [stack:12548]
7ff2561ae000-7ff2561b1000 ---p 00000000 00:00 0 
7ff2561b1000-7ff2562af000 rw-p 00000000 00:00 0                          [stack:12544]
7ff2562af000-7ff2562b2000 ---p 00000000 00:00 0 
7ff2562b2000-7ff2563b0000 rw-p 00000000 00:00 0                          [stack:12542]
7ff2563b0000-7ff2563b3000 ---p 00000000 00:00 0 
7ff2563b3000-7ff2564b1000 rw-p 00000000 00:00 0                          [stack:12541]
7ff2564b1000-7ff2564b5000 r-xp 00000000 08:01 9178060                    /usr/lib/jvm/java-8-oracle/jre/lib/amd64/libdt_socket.so
7ff2564b5000-7ff2566b4000 ---p 00004000 08:01 9178060                    /usr/lib/jvm/java-8-oracle/jre/lib/amd64/libdt_socket.so
7ff2566b4000-7ff2566b5000 rw-p 00003000 08:01 9178060                    /usr/lib/jvm/java-8-oracle/jre/lib/amd64/libdt_socket.so
7ff2566b5000-7ff2566b8000 ---p 00000000 00:00 0 
7ff2566b8000-7ff2567b6000 rw-p 00000000 00:00 0                          [stack:12539]
7ff2567b6000-7ff2567b9000 ---p 00000000 00:00 0 
7ff2567b9000-7ff2568b7000 rw-p 00000000 00:00 0                          [stack:12537]
7ff2568b7000-7ff2568ba000 ---p 00000000 00:00 0 
7ff2568ba000-7ff2569b8000 rw-p 00000000 00:00 0                          [stack:12536]
7ff2569b8000-7ff2569b9000 ---p 00000000 00:00 0 
7ff2569b9000-7ff257a9b000 rw-p 00000000 00:00 0                          [stack:12535]
7ff257a9b000-7ff257c73000 r--s 03d09000 08:01 9178115                    /usr/lib/jvm/java-8-oracle/jre/lib/rt.jar
7ff257c73000-7ff25b542000 rw-p 00000000 00:00 0 
7ff25b542000-7ff25b543000 ---p 00000000 00:00 0 
7ff25b543000-7ff25b643000 rw-p 00000000 00:00 0                          [stack:12534]
7ff25b643000-7ff25b644000 ---p 00000000 00:00 0 
7ff25b644000-7ff25b744000 rw-p 00000000 00:00 0                          [stack:12533]
7ff25b744000-7ff25b745000 ---p 00000000 00:00 0 
7ff25b745000-7ff25b864000 rw-p 00000000 00:00 0                          [stack:12531]
7ff25b864000-7ff25ba2f000 ---p 00000000 00:00 0 
7ff25ba2f000-7ff25ba4e000 rw-p 00000000 00:00 0 
7ff25ba4e000-7ff25bc19000 ---p 00000000 00:00 0 
7ff25bc19000-7ff25bc34000 rw-p 00000000 00:00 0 
7ff25bc34000-7ff25bd0e000 ---p 00000000 00:00 0 
7ff25bd0e000-7ff25bd1e000 rw-p 00000000 00:00 0 
7ff25bd1e000-7ff25c0cf000 ---p 00000000 00:00 0 
7ff25c0cf000-7ff25c47f000 rwxp 00000000 00:00 0 
7ff25c47f000-7ff26b0cf000 ---p 00000000 00:00 0 
7ff26b0cf000-7ff26b0e9000 r-xp 00000000 08:01 9178050                    /usr/lib/jvm/java-8-oracle/jre/lib/amd64/libzip.so
7ff26b0e9000-7ff26b2e9000 ---p 0001a000 08:01 9178050                    /usr/lib/jvm/java-8-oracle/jre/lib/amd64/libzip.so
7ff26b2e9000-7ff26b2ea000 rw-p 0001a000 08:01 9178050                    /usr/lib/jvm/java-8-oracle/jre/lib/amd64/libzip.so
7ff26b2ea000-7ff26b2f5000 r-xp 00000000 08:01 29885816                   /lib/x86_64-linux-gnu/libnss_files-2.19.so
7ff26b2f5000-7ff26b4f4000 ---p 0000b000 08:01 29885816                   /lib/x86_64-linux-gnu/libnss_files-2.19.so
7ff26b4f4000-7ff26b4f5000 r--p 0000a000 08:01 29885816                   /lib/x86_64-linux-gnu/libnss_files-2.19.so
7ff26b4f5000-7ff26b4f6000 rw-p 0000b000 08:01 29885816                   /lib/x86_64-linux-gnu/libnss_files-2.19.so
7ff26b4f6000-7ff26b501000 r-xp 00000000 08:01 29885837                   /lib/x86_64-linux-gnu/libnss_nis-2.19.so
7ff26b501000-7ff26b700000 ---p 0000b000 08:01 29885837                   /lib/x86_64-linux-gnu/libnss_nis-2.19.so
7ff26b700000-7ff26b701000 r--p 0000a000 08:01 29885837                   /lib/x86_64-linux-gnu/libnss_nis-2.19.so
7ff26b701000-7ff26b702000 rw-p 0000b000 08:01 29885837                   /lib/x86_64-linux-gnu/libnss_nis-2.19.so
7ff26b702000-7ff26b719000 r-xp 00000000 08:01 29885826                   /lib/x86_64-linux-gnu/libnsl-2.19.so
7ff26b719000-7ff26b918000 ---p 00017000 08:01 29885826                   /lib/x86_64-linux-gnu/libnsl-2.19.so
7ff26b918000-7ff26b919000 r--p 00016000 08:01 29885826                   /lib/x86_64-linux-gnu/libnsl-2.19.so
7ff26b919000-7ff26b91a000 rw-p 00017000 08:01 29885826                   /lib/x86_64-linux-gnu/libnsl-2.19.so
7ff26b91a000-7ff26b91c000 rw-p 00000000 00:00 0 
7ff26b91c000-7ff26c000000 r--p 00000000 08:01 2365992                    /usr/lib/locale/locale-archive
7ff26c000000-7ff26c62b000 rw-p 00000000 00:00 0 
7ff26c62b000-7ff270000000 ---p 00000000 00:00 0 
7ff270000000-7ff270001000 r--s 00009000 08:01 9177954                    /usr/lib/jvm/java-8-oracle/jre/lib/ext/sunec.jar
7ff270001000-7ff27000b000 r--s 00063000 08:01 393577                     /home/hudson/.gradle/caches/modules-2/files-2.1/org.springframework/spring-test/4.0.3.RELEASE/76b870a5aa132b4c0dd78cd061feb3e1652cddd1/spring-test-4.0.3.RELEASE.jar
7ff27000b000-7ff270081000 rw-p 00000000 00:00 0 
7ff270081000-7ff270082000 ---p 00000000 00:00 0 
7ff270082000-7ff270182000 rw-p 00000000 00:00 0                          [stack:12530]
7ff270182000-7ff27018b000 r-xp 00000000 08:01 29885825                   /lib/x86_64-linux-gnu/libnss_compat-2.19.so
7ff27018b000-7ff27038a000 ---p 00009000 08:01 29885825                   /lib/x86_64-linux-gnu/libnss_compat-2.19.so
7ff27038a000-7ff27038b000 r--p 00008000 08:01 29885825                   /lib/x86_64-linux-gnu/libnss_compat-2.19.so
7ff27038b000-7ff27038c000 rw-p 00009000 08:01 29885825                   /lib/x86_64-linux-gnu/libnss_compat-2.19.so
7ff27038c000-7ff27038e000 r-xp 00000000 08:01 9178040                    /usr/lib/jvm/java-8-oracle/jre/lib/amd64/libnpt.so
7ff27038e000-7ff27058e000 ---p 00002000 08:01 9178040                    /usr/lib/jvm/java-8-oracle/jre/lib/amd64/libnpt.so
7ff27058e000-7ff27058f000 rw-p 00002000 08:01 9178040                    /usr/lib/jvm/java-8-oracle/jre/lib/amd64/libnpt.so
7ff27058f000-7ff2705c8000 r-xp 00000000 08:01 9178031                    /usr/lib/jvm/java-8-oracle/jre/lib/amd64/libjdwp.so
7ff2705c8000-7ff2707c7000 ---p 00039000 08:01 9178031                    /usr/lib/jvm/java-8-oracle/jre/lib/amd64/libjdwp.so
7ff2707c7000-7ff2707c9000 rw-p 00038000 08:01 9178031                    /usr/lib/jvm/java-8-oracle/jre/lib/amd64/libjdwp.so
7ff2707c9000-7ff2707f3000 r-xp 00000000 08:01 9178029                    /usr/lib/jvm/java-8-oracle/jre/lib/amd64/libjava.so
7ff2707f3000-7ff2709f3000 ---p 0002a000 08:01 9178029                    /usr/lib/jvm/java-8-oracle/jre/lib/amd64/libjava.so
7ff2709f3000-7ff2709f5000 rw-p 0002a000 08:01 9178029                    /usr/lib/jvm/java-8-oracle/jre/lib/amd64/libjava.so
7ff2709f5000-7ff270a02000 r-xp 00000000 08:01 9178069                    /usr/lib/jvm/java-8-oracle/jre/lib/amd64/libverify.so
7ff270a02000-7ff270c02000 ---p 0000d000 08:01 9178069                    /usr/lib/jvm/java-8-oracle/jre/lib/amd64/libverify.so
7ff270c02000-7ff270c04000 rw-p 0000d000 08:01 9178069                    /usr/lib/jvm/java-8-oracle/jre/lib/amd64/libverify.so
7ff270c04000-7ff270c0b000 r-xp 00000000 08:01 29885834                   /lib/x86_64-linux-gnu/librt-2.19.so
7ff270c0b000-7ff270e0a000 ---p 00007000 08:01 29885834                   /lib/x86_64-linux-gnu/librt-2.19.so
7ff270e0a000-7ff270e0b000 r--p 00006000 08:01 29885834                   /lib/x86_64-linux-gnu/librt-2.19.so
7ff270e0b000-7ff270e0c000 rw-p 00007000 08:01 29885834                   /lib/x86_64-linux-gnu/librt-2.19.so
7ff270e0c000-7ff270f11000 r-xp 00000000 08:01 29885815                   /lib/x86_64-linux-gnu/libm-2.19.so
7ff270f11000-7ff271110000 ---p 00105000 08:01 29885815                   /lib/x86_64-linux-gnu/libm-2.19.so
7ff271110000-7ff271111000 r--p 00104000 08:01 29885815                   /lib/x86_64-linux-gnu/libm-2.19.so
7ff271111000-7ff271112000 rw-p 00105000 08:01 29885815                   /lib/x86_64-linux-gnu/libm-2.19.so
7ff271112000-7ff271dc0000 r-xp 00000000 08:01 9178044                    /usr/lib/jvm/java-8-oracle/jre/lib/amd64/server/libjvm.so
7ff271dc0000-7ff271fbf000 ---p 00cae000 08:01 9178044                    /usr/lib/jvm/java-8-oracle/jre/lib/amd64/server/libjvm.so
7ff271fbf000-7ff272096000 rw-p 00cad000 08:01 9178044                    /usr/lib/jvm/java-8-oracle/jre/lib/amd64/server/libjvm.so
7ff272096000-7ff2720da000 rw-p 00000000 00:00 0 
7ff2720da000-7ff272295000 r-xp 00000000 08:01 29885831                   /lib/x86_64-linux-gnu/libc-2.19.so
7ff272295000-7ff272494000 ---p 001bb000 08:01 29885831                   /lib/x86_64-linux-gnu/libc-2.19.so
7ff272494000-7ff272498000 r--p 001ba000 08:01 29885831                   /lib/x86_64-linux-gnu/libc-2.19.so
7ff272498000-7ff27249a000 rw-p 001be000 08:01 29885831                   /lib/x86_64-linux-gnu/libc-2.19.so
7ff27249a000-7ff27249f000 rw-p 00000000 00:00 0 
7ff27249f000-7ff2724a2000 r-xp 00000000 08:01 29885819                   /lib/x86_64-linux-gnu/libdl-2.19.so
7ff2724a2000-7ff2726a1000 ---p 00003000 08:01 29885819                   /lib/x86_64-linux-gnu/libdl-2.19.so
7ff2726a1000-7ff2726a2000 r--p 00002000 08:01 29885819                   /lib/x86_64-linux-gnu/libdl-2.19.so
7ff2726a2000-7ff2726a3000 rw-p 00003000 08:01 29885819                   /lib/x86_64-linux-gnu/libdl-2.19.so
7ff2726a3000-7ff2726b8000 r-xp 00000000 08:01 9177792                    /usr/lib/jvm/java-8-oracle/lib/amd64/jli/libjli.so
7ff2726b8000-7ff2728b8000 ---p 00015000 08:01 9177792                    /usr/lib/jvm/java-8-oracle/lib/amd64/jli/libjli.so
7ff2728b8000-7ff2728b9000 rw-p 00015000 08:01 9177792                    /usr/lib/jvm/java-8-oracle/lib/amd64/jli/libjli.so
7ff2728b9000-7ff2728d2000 r-xp 00000000 08:01 29885832                   /lib/x86_64-linux-gnu/libpthread-2.19.so
7ff2728d2000-7ff272ad1000 ---p 00019000 08:01 29885832                   /lib/x86_64-linux-gnu/libpthread-2.19.so
7ff272ad1000-7ff272ad2000 r--p 00018000 08:01 29885832                   /lib/x86_64-linux-gnu/libpthread-2.19.so
7ff272ad2000-7ff272ad3000 rw-p 00019000 08:01 29885832                   /lib/x86_64-linux-gnu/libpthread-2.19.so
7ff272ad3000-7ff272ad7000 rw-p 00000000 00:00 0 
7ff272ad7000-7ff272afa000 r-xp 00000000 08:01 29885828                   /lib/x86_64-linux-gnu/ld-2.19.so
7ff272afa000-7ff272afb000 r--s 00000000 08:01 393629                     /home/hudson/.gradle/caches/modules-2/files-2.1/javax.inject/javax.inject/1/6975da39a7040257bd51d21a231b76c915872d38/javax.inject-1.jar
7ff272afb000-7ff272afd000 r--s 00005000 08:01 393608                     /home/hudson/.gradle/caches/modules-2/files-2.1/org.objenesis/objenesis/1.0/9b473564e792c2bdf1449da1f0b1b5bff9805704/objenesis-1.0.jar
7ff272afd000-7ff272aff000 r--s 00009000 08:01 393260                     /home/hudson/.gradle/caches/modules-2/files-2.1/org.hamcrest/hamcrest-core/1.3/42a25dc3219429f0e5d060061f71acb49bf010a0/hamcrest-core-1.3.jar
7ff272aff000-7ff272b01000 r--s 00008000 08:01 393919                     /home/hudson/.gradle/caches/modules-2/files-2.1/com.fasterxml.jackson.core/jackson-annotations/2.5.0/a2a55a3375bc1cef830ca426d68d2ea22961190e/jackson-annotations-2.5.0.jar
7ff272b01000-7ff272b03000 r--s 00009000 08:01 393630                     /home/hudson/.gradle/caches/modules-2/files-2.1/org.springframework.social/spring-social-web/1.1.0.RELEASE/393d7fd2e0d87dbc9c96ae2d6c432ea704c94a6d/spring-social-web-1.1.0.RELEASE.jar
7ff272b03000-7ff272b06000 r--s 00012000 08:01 393622                     /home/hudson/.gradle/caches/modules-2/files-2.1/javax.servlet/javax.servlet-api/3.0.1/6bf0ebb7efd993e222fc1112377b5e92a13b38dd/javax.servlet-api-3.0.1.jar
7ff272b06000-7ff272b18000 r--s 00105000 08:01 393918                     /home/hudson/.gradle/caches/modules-2/files-2.1/com.fasterxml.jackson.core/jackson-databind/2.5.1/5e57baebad3898aca8a825adaf2be6fd189442f2/jackson-databind-2.5.1.jar
7ff272b18000-7ff272bd9000 rw-p 00000000 00:00 0 
7ff272bd9000-7ff272bdc000 ---p 00000000 00:00 0 
7ff272bdc000-7ff272cde000 rw-p 00000000 00:00 0                          [stack:12525]
7ff272cde000-7ff272cdf000 r--s 0000c000 08:01 393558                     /home/hudson/.gradle/caches/modules-2/files-2.1/org.hamcrest/hamcrest-library/1.3/4785a3c21320980282f9f33d0d1264a69040538f/hamcrest-library-1.3.jar
7ff272cdf000-7ff272ce1000 r--s 00009000 08:01 393621                     /home/hudson/.gradle/caches/modules-2/files-2.1/org.springframework.security/spring-security-crypto/3.2.3.RELEASE/c1758dc01928ca70a59afc9c2033e29ced275baa/spring-security-crypto-3.2.3.RELEASE.jar
7ff272ce1000-7ff272ce5000 r--s 00035000 08:01 393917                     /home/hudson/.gradle/caches/modules-2/files-2.1/com.fasterxml.jackson.core/jackson-core/2.5.1/e2a00ad1d7e540ec395e9296a34da484c8888d4d/jackson-core-2.5.1.jar
7ff272ce5000-7ff272ce6000 r--s 00007000 08:01 393617                     /home/hudson/.gradle/caches/modules-2/files-2.1/org.springframework.social/spring-social-security/1.1.0.RELEASE/a022d36e469c9266cce1c16ece8246b513cf3099/spring-social-security-1.1.0.RELEASE.jar
7ff272ce6000-7ff272ce8000 r--s 00005000 08:01 393616                     /home/hudson/.gradle/caches/modules-2/files-2.1/org.springframework.social/spring-social-config/1.1.0.RELEASE/31232c1fa1ac9bacaaceed0835245f2f3c4f0982/spring-social-config-1.1.0.RELEASE.jar
7ff272ce8000-7ff272ced000 r--s 00019000 08:01 393615                     /home/hudson/.gradle/caches/modules-2/files-2.1/org.springframework.social/spring-social-core/1.1.0.RELEASE/720ab4059320908a0f101e0567919319bcfe2746/spring-social-core-1.1.0.RELEASE.jar
7ff272ced000-7ff272cf5000 rw-s 00000000 08:01 920973                     /tmp/hsperfdata_hudson/12523
7ff272cf5000-7ff272cf6000 rw-p 00000000 00:00 0 
7ff272cf6000-7ff272cf7000 r--p 00000000 00:00 0 
7ff272cf7000-7ff272cf9000 rw-p 00000000 00:00 0 
7ff272cf9000-7ff272cfa000 r--p 00022000 08:01 29885828                   /lib/x86_64-linux-gnu/ld-2.19.so
7ff272cfa000-7ff272cfb000 rw-p 00023000 08:01 29885828                   /lib/x86_64-linux-gnu/ld-2.19.so
7ff272cfb000-7ff272cfc000 rw-p 00000000 00:00 0 
7ffc3f68c000-7ffc3f6ae000 rw-p 00000000 00:00 0                          [stack]
7ffc3f7d9000-7ffc3f7db000 r-xp 00000000 00:00 0                          [vdso]
ffffffffff600000-ffffffffff601000 r-xp 00000000 00:00 0                  [vsyscall]

VM Arguments:
jvm_args: -agentlib:jdwp=transport=dt_socket,suspend=y,address=localhost:41529 -Dfile.encoding=UTF-8 
java_command: org.eclipse.jdt.internal.junit.runner.RemoteTestRunner -version 3 -port 37468 -testLoaderClass org.eclipse.jdt.internal.junit4.runner.JUnit4TestLoader -loaderpluginname org.eclipse.jdt.junit4.runtime -classNames org.springframework.social.twitter.api.impl.advertising.AdvertisingStatsTemplateTest
java_class_path (initial): /home/hudson/Workspaces/hudsonmendes/github/spring-social-twitter/spring-social-twitter/bin:/home/hudson/.gradle/caches/modules-2/files-2.1/org.springframework.social/spring-social-core/1.1.0.RELEASE/720ab4059320908a0f101e0567919319bcfe2746/spring-social-core-1.1.0.RELEASE.jar:/home/hudson/.gradle/caches/modules-2/files-2.1/org.springframework.social/spring-social-config/1.1.0.RELEASE/31232c1fa1ac9bacaaceed0835245f2f3c4f0982/spring-social-config-1.1.0.RELEASE.jar:/home/hudson/.gradle/caches/modules-2/files-2.1/org.springframework.social/spring-social-security/1.1.0.RELEASE/a022d36e469c9266cce1c16ece8246b513cf3099/spring-social-security-1.1.0.RELEASE.jar:/home/hudson/.gradle/caches/modules-2/files-2.1/com.fasterxml.jackson.core/jackson-core/2.5.1/e2a00ad1d7e540ec395e9296a34da484c8888d4d/jackson-core-2.5.1.jar:/home/hudson/.gradle/caches/modules-2/files-2.1/com.fasterxml.jackson.core/jackson-databind/2.5.1/5e57baebad3898aca8a825adaf2be6fd189442f2/jackson-databind-2.5.1.jar:/home/hudson/.gradle/caches/modules-2/files-2.1/org.springframework.security/spring-security-crypto/3.2.3.RELEASE/c1758dc01928ca70a59afc9c2033e29ced275baa/spring-security-crypto-3.2.3.RELEASE.jar:/home/hudson/.gradle/caches/modules-2/files-2.1/javax.servlet/javax.servlet-api/3.0.1/6bf0ebb7efd993e222fc1112377b5e92a13b38dd/javax.servlet-api-3.0.1.jar:/home/hudson/.gradle/caches/modules-2/files-2.1/org.hamcrest/hamcrest-library/1.3/4785a3c21320980282f9f33d0d1264a69040538f/hamcrest-library-1.3.jar:/home/hudson/.gradle/caches/modules-2/files-2.1/org.mockito/mockito-core/1.9.5/c3264abeea62c4d2f367e21484fbb40c7e256393/mockito-core-1.9.5.jar:/home/hudson/.gradle/caches/modules-2/files-2.1/org.springframework/spring-test/4.0.3.RELEASE/76b870a5aa132b4c0dd78cd061feb3e1652cddd1/spring-test-4.0.3.RELEASE.jar:/home/hudson/.gradle/caches/modules-2/files-2.1/org.springframework/spring-web/4.0.3.RELEASE/4d5066f31ea4b9c58957bf8c0c213b13ed44c1c5/spring-web-4.0.3.RELEASE.jar:/home/hudson/.g
Launcher Type: SUN_STANDARD

Environment Variables:
JAVA_HOME=/usr/lib/jvm/java-8-oracle
PATH=/usr/local/sbin:/usr/local/bin:/usr/sbin:/usr/bin:/sbin:/bin:/usr/games:/usr/local/games:/usr/lib/jvm/java-8-oracle/bin:/usr/lib/jvm/java-8-oracle/db/bin:/usr/lib/jvm/java-8-oracle/jre/bin:/home/hudson/.rvm/bin
SHELL=/bin/bash
DISPLAY=:0

Signal Handlers:
SIGSEGV: [libjvm.so+0xaad2e0], sa_mask[0]=11111111011111111101111111111110, sa_flags=SA_RESTART|SA_SIGINFO
SIGBUS: [libjvm.so+0xaad2e0], sa_mask[0]=11111111011111111101111111111110, sa_flags=SA_RESTART|SA_SIGINFO
SIGFPE: [libjvm.so+0x90b550], sa_mask[0]=11111111011111111101111111111110, sa_flags=SA_RESTART|SA_SIGINFO
SIGPIPE: [libjvm.so+0x90b550], sa_mask[0]=11111111011111111101111111111110, sa_flags=SA_RESTART|SA_SIGINFO
SIGXFSZ: [libjvm.so+0x90b550], sa_mask[0]=11111111011111111101111111111110, sa_flags=SA_RESTART|SA_SIGINFO
SIGILL: [libjvm.so+0x90b550], sa_mask[0]=11111111011111111101111111111110, sa_flags=SA_RESTART|SA_SIGINFO
SIGUSR1: SIG_DFL, sa_mask[0]=00000000000000000000000000000000, sa_flags=none
SIGUSR2: [libjvm.so+0x90cb90], sa_mask[0]=00100000000000000000000000000000, sa_flags=SA_RESTART|SA_SIGINFO
SIGHUP: [libjvm.so+0x90dee0], sa_mask[0]=11111111011111111101111111111110, sa_flags=SA_RESTART|SA_SIGINFO
SIGINT: [libjvm.so+0x90dee0], sa_mask[0]=11111111011111111101111111111110, sa_flags=SA_RESTART|SA_SIGINFO
SIGTERM: [libjvm.so+0x90dee0], sa_mask[0]=11111111011111111101111111111110, sa_flags=SA_RESTART|SA_SIGINFO
SIGQUIT: [libjvm.so+0x90dee0], sa_mask[0]=11111111011111111101111111111110, sa_flags=SA_RESTART|SA_SIGINFO


---------------  S Y S T E M  ---------------

OS:DISTRIB_ID=Ubuntu
DISTRIB_RELEASE=14.04
DISTRIB_CODENAME=trusty
DISTRIB_DESCRIPTION="Ubuntu 14.04.2 LTS"

uname:Linux 3.13.0-49-generic #81-Ubuntu SMP Tue Mar 24 19:29:48 UTC 2015 x86_64
libc:glibc 2.19 NPTL 2.19 
rlimit: STACK 8192k, CORE 0k, NPROC 46831, NOFILE 4096, AS infinity
load average:0,30 0,36 0,40

/proc/meminfo:
MemTotal:        6016088 kB
MemFree:         1673048 kB
Buffers:          129344 kB
Cached:          1669232 kB
SwapCached:            0 kB
Active:          2701992 kB
Inactive:        1371488 kB
Active(anon):    2287680 kB
Inactive(anon):   431328 kB
Active(file):     414312 kB
Inactive(file):   940160 kB
Unevictable:         124 kB
Mlocked:             124 kB
SwapTotal:       6193148 kB
SwapFree:        6193148 kB
Dirty:               108 kB
Writeback:             0 kB
AnonPages:       2275084 kB
Mapped:           485628 kB
Shmem:            444108 kB
Slab:             115228 kB
SReclaimable:      75048 kB
SUnreclaim:        40180 kB
KernelStack:        6240 kB
PageTables:        53216 kB
NFS_Unstable:          0 kB
Bounce:                0 kB
WritebackTmp:          0 kB
CommitLimit:     9201192 kB
Committed_AS:    7900700 kB
VmallocTotal:   34359738367 kB
VmallocUsed:      368556 kB
VmallocChunk:   34359359484 kB
HardwareCorrupted:     0 kB
AnonHugePages:    962560 kB
HugePages_Total:       0
HugePages_Free:        0
HugePages_Rsvd:        0
HugePages_Surp:        0
Hugepagesize:       2048 kB
DirectMap4k:      108992 kB
DirectMap2M:     6086656 kB


CPU:total 4 (2 cores per cpu, 2 threads per core) family 6 model 42 stepping 7, cmov, cx8, fxsr, mmx, sse, sse2, sse3, ssse3, sse4.1, sse4.2, popcnt, avx, aes, clmul, ht, tsc, tscinvbit

/proc/cpuinfo:
processor	: 0
vendor_id	: GenuineIntel
cpu family	: 6
model		: 42
model name	: Intel(R) Core(TM) i7-2640M CPU @ 2.80GHz
stepping	: 7
microcode	: 0x1b
cpu MHz		: 2801.000
cache size	: 4096 KB
physical id	: 0
siblings	: 4
core id		: 0
cpu cores	: 2
apicid		: 0
initial apicid	: 0
fpu		: yes
fpu_exception	: yes
cpuid level	: 13
wp		: yes
flags		: fpu vme de pse tsc msr pae mce cx8 apic sep mtrr pge mca cmov pat pse36 clflush dts acpi mmx fxsr sse sse2 ss ht tm pbe syscall nx rdtscp lm constant_tsc arch_perfmon pebs bts rep_good nopl xtopology nonstop_tsc aperfmperf eagerfpu pni pclmulqdq dtes64 monitor ds_cpl vmx smx est tm2 ssse3 cx16 xtpr pdcm pcid sse4_1 sse4_2 x2apic popcnt tsc_deadline_timer aes xsave avx lahf_lm ida arat epb xsaveopt pln pts dtherm tpr_shadow vnmi flexpriority ept vpid
bogomips	: 5587.24
clflush size	: 64
cache_alignment	: 64
address sizes	: 36 bits physical, 48 bits virtual
power management:

processor	: 1
vendor_id	: GenuineIntel
cpu family	: 6
model		: 42
model name	: Intel(R) Core(TM) i7-2640M CPU @ 2.80GHz
stepping	: 7
microcode	: 0x1b
cpu MHz		: 2800.000
cache size	: 4096 KB
physical id	: 0
siblings	: 4
core id		: 1
cpu cores	: 2
apicid		: 2
initial apicid	: 2
fpu		: yes
fpu_exception	: yes
cpuid level	: 13
wp		: yes
flags		: fpu vme de pse tsc msr pae mce cx8 apic sep mtrr pge mca cmov pat pse36 clflush dts acpi mmx fxsr sse sse2 ss ht tm pbe syscall nx rdtscp lm constant_tsc arch_perfmon pebs bts rep_good nopl xtopology nonstop_tsc aperfmperf eagerfpu pni pclmulqdq dtes64 monitor ds_cpl vmx smx est tm2 ssse3 cx16 xtpr pdcm pcid sse4_1 sse4_2 x2apic popcnt tsc_deadline_timer aes xsave avx lahf_lm ida arat epb xsaveopt pln pts dtherm tpr_shadow vnmi flexpriority ept vpid
bogomips	: 5587.24
clflush size	: 64
cache_alignment	: 64
address sizes	: 36 bits physical, 48 bits virtual
power management:

processor	: 2
vendor_id	: GenuineIntel
cpu family	: 6
model		: 42
model name	: Intel(R) Core(TM) i7-2640M CPU @ 2.80GHz
stepping	: 7
microcode	: 0x1b
cpu MHz		: 2800.000
cache size	: 4096 KB
physical id	: 0
siblings	: 4
core id		: 0
cpu cores	: 2
apicid		: 1
initial apicid	: 1
fpu		: yes
fpu_exception	: yes
cpuid level	: 13
wp		: yes
flags		: fpu vme de pse tsc msr pae mce cx8 apic sep mtrr pge mca cmov pat pse36 clflush dts acpi mmx fxsr sse sse2 ss ht tm pbe syscall nx rdtscp lm constant_tsc arch_perfmon pebs bts rep_good nopl xtopology nonstop_tsc aperfmperf eagerfpu pni pclmulqdq dtes64 monitor ds_cpl vmx smx est tm2 ssse3 cx16 xtpr pdcm pcid sse4_1 sse4_2 x2apic popcnt tsc_deadline_timer aes xsave avx lahf_lm ida arat epb xsaveopt pln pts dtherm tpr_shadow vnmi flexpriority ept vpid
bogomips	: 5587.24
clflush size	: 64
cache_alignment	: 64
address sizes	: 36 bits physical, 48 bits virtual
power management:

processor	: 3
vendor_id	: GenuineIntel
cpu family	: 6
model		: 42
model name	: Intel(R) Core(TM) i7-2640M CPU @ 2.80GHz
stepping	: 7
microcode	: 0x1b
cpu MHz		: 800.000
cache size	: 4096 KB
physical id	: 0
siblings	: 4
core id		: 1
cpu cores	: 2
apicid		: 3
initial apicid	: 3
fpu		: yes
fpu_exception	: yes
cpuid level	: 13
wp		: yes
flags		: fpu vme de pse tsc msr pae mce cx8 apic sep mtrr pge mca cmov pat pse36 clflush dts acpi mmx fxsr sse sse2 ss ht tm pbe syscall nx rdtscp lm constant_tsc arch_perfmon pebs bts rep_good nopl xtopology nonstop_tsc aperfmperf eagerfpu pni pclmulqdq dtes64 monitor ds_cpl vmx smx est tm2 ssse3 cx16 xtpr pdcm pcid sse4_1 sse4_2 x2apic popcnt tsc_deadline_timer aes xsave avx lahf_lm ida arat epb xsaveopt pln pts dtherm tpr_shadow vnmi flexpriority ept vpid
bogomips	: 5587.24
clflush size	: 64
cache_alignment	: 64
address sizes	: 36 bits physical, 48 bits virtual
power management:



Memory: 4k page, physical 6016088k(1673048k free), swap 6193148k(6193148k free)

vm_info: Java HotSpot(TM) 64-Bit Server VM (25.40-b25) for linux-amd64 JRE (1.8.0_40-b25), built on Feb 10 2015 21:29:53 by "java_re" with gcc 4.3.0 20080428 (Red Hat 4.3.0-8)

time: Tue Apr 14 20:06:42 2015
elapsed time: 479 seconds (0d 0h 7m 59s)

